<?xml version="1.0" encoding="UTF-8"?>
<!-- Generated by org.testng.reporters.JUnitXMLReporter -->
<testsuite ignored="0" hostname="LAPTOP-27PCK551" failures="1" tests="1" name="Login Test" time="6.298" errors="0" timestamp="2020-05-21T11:09:35 CDT">
  <testcase classname="com.SeleniumDemo.testCases.TC_LoginTest_001" name="loginTest" time="1.051">
    <failure type="java.lang.AssertionError" message="expected [true] but found [false]">
      <![CDATA[java.lang.AssertionError: expected [true] but found [false]
at com.SeleniumDemo.testCases.TC_LoginTest_001.loginTest(TC_LoginTest_001.java:22)
at java.base/java.util.ArrayList.forEach(ArrayList.java:1510)
... Removed 34 stack frames]]>
    </failure>
  </testcase> <!-- loginTest -->
</testsuite> <!-- Login Test -->
